CRITICAL - 2022-01-29 08:45:26 --> Argument 1 passed to App\Models\BaseModel::show() must be an instance of App\Models\mixed or null, array given, called in /var/www/html/delivery-api/app/Controllers/Auth.php on line 61
#0 /var/www/html/delivery-api/app/Controllers/Auth.php(61): App\Models\BaseModel->show()
#1 /var/www/html/delivery-api/system/CodeIgniter.php(825): App\Controllers\Auth->signin()
#2 /var/www/html/delivery-api/system/CodeIgniter.php(412): CodeIgniter\CodeIgniter->runController()
#3 /var/www/html/delivery-api/system/CodeIgniter.php(320): CodeIgniter\CodeIgniter->handleRequest()
#4 /var/www/html/delivery-api/public/index.php(37): CodeIgniter\CodeIgniter->run()
#5 /var/www/html/delivery-api/system/Commands/Server/rewrite.php(43): require_once('/var/www/html/d...')
#6 {main}
ERROR - 2022-01-29 08:47:18 --> Unknown column 'users.deleted_at' in 'where clause'
CRITICAL - 2022-01-29 08:47:18 --> Unknown column 'users.deleted_at' in 'where clause'
#0 /var/www/html/delivery-api/system/Database/MySQLi/Connection.php(292): mysqli->query()
#1 /var/www/html/delivery-api/system/Database/BaseConnection.php(670): CodeIgniter\Database\MySQLi\Connection->execute()
#2 /var/www/html/delivery-api/system/Database/BaseConnection.php(598): CodeIgniter\Database\BaseConnection->simpleQuery()
#3 /var/www/html/delivery-api/system/Database/BaseBuilder.php(1455): CodeIgniter\Database\BaseConnection->query()
#4 /var/www/html/delivery-api/system/Model.php(138): CodeIgniter\Database\BaseBuilder->get()
#5 /var/www/html/delivery-api/system/BaseModel.php(523): CodeIgniter\Model->doFind()
#6 /var/www/html/delivery-api/app/Models/BaseModel.php(29): CodeIgniter\BaseModel->find()
#7 /var/www/html/delivery-api/app/Controllers/Auth.php(61): App\Models\BaseModel->show()
#8 /var/www/html/delivery-api/system/CodeIgniter.php(825): App\Controllers\Auth->signin()
#9 /var/www/html/delivery-api/system/CodeIgniter.php(412): CodeIgniter\CodeIgniter->runController()
#10 /var/www/html/delivery-api/system/CodeIgniter.php(320): CodeIgniter\CodeIgniter->handleRequest()
#11 /var/www/html/delivery-api/public/index.php(37): CodeIgniter\CodeIgniter->run()
#12 /var/www/html/delivery-api/system/Commands/Server/rewrite.php(43): require_once('/var/www/html/d...')
#13 {main}
ERROR - 2022-01-29 08:50:50 --> Unknown column 'users.deleted_at' in 'where clause'
CRITICAL - 2022-01-29 08:50:50 --> Unknown column 'users.deleted_at' in 'where clause'
#0 /var/www/html/delivery-api/system/Database/MySQLi/Connection.php(292): mysqli->query()
#1 /var/www/html/delivery-api/system/Database/BaseConnection.php(670): CodeIgniter\Database\MySQLi\Connection->execute()
#2 /var/www/html/delivery-api/system/Database/BaseConnection.php(598): CodeIgniter\Database\BaseConnection->simpleQuery()
#3 /var/www/html/delivery-api/system/Database/BaseBuilder.php(1455): CodeIgniter\Database\BaseConnection->query()
#4 /var/www/html/delivery-api/system/Model.php(138): CodeIgniter\Database\BaseBuilder->get()
#5 /var/www/html/delivery-api/system/BaseModel.php(523): CodeIgniter\Model->doFind()
#6 /var/www/html/delivery-api/app/Models/BaseModel.php(29): CodeIgniter\BaseModel->find()
#7 /var/www/html/delivery-api/app/Controllers/Auth.php(61): App\Models\BaseModel->show()
#8 /var/www/html/delivery-api/system/CodeIgniter.php(825): App\Controllers\Auth->signin()
#9 /var/www/html/delivery-api/system/CodeIgniter.php(412): CodeIgniter\CodeIgniter->runController()
#10 /var/www/html/delivery-api/system/CodeIgniter.php(320): CodeIgniter\CodeIgniter->handleRequest()
#11 /var/www/html/delivery-api/public/index.php(37): CodeIgniter\CodeIgniter->run()
#12 /var/www/html/delivery-api/system/Commands/Server/rewrite.php(43): require_once('/var/www/html/d...')
#13 {main}
ERROR - 2022-01-29 08:51:35 --> Unknown column 'users.deleted_at' in 'where clause'
CRITICAL - 2022-01-29 08:51:35 --> Unknown column 'users.deleted_at' in 'where clause'
#0 /var/www/html/delivery-api/system/Database/MySQLi/Connection.php(292): mysqli->query()
#1 /var/www/html/delivery-api/system/Database/BaseConnection.php(670): CodeIgniter\Database\MySQLi\Connection->execute()
#2 /var/www/html/delivery-api/system/Database/BaseConnection.php(598): CodeIgniter\Database\BaseConnection->simpleQuery()
#3 /var/www/html/delivery-api/system/Database/BaseBuilder.php(1455): CodeIgniter\Database\BaseConnection->query()
#4 /var/www/html/delivery-api/system/Model.php(138): CodeIgniter\Database\BaseBuilder->get()
#5 /var/www/html/delivery-api/system/BaseModel.php(523): CodeIgniter\Model->doFind()
#6 /var/www/html/delivery-api/app/Models/BaseModel.php(29): CodeIgniter\BaseModel->find()
#7 /var/www/html/delivery-api/app/Controllers/Auth.php(61): App\Models\BaseModel->show()
#8 /var/www/html/delivery-api/system/CodeIgniter.php(825): App\Controllers\Auth->signin()
#9 /var/www/html/delivery-api/system/CodeIgniter.php(412): CodeIgniter\CodeIgniter->runController()
#10 /var/www/html/delivery-api/system/CodeIgniter.php(320): CodeIgniter\CodeIgniter->handleRequest()
#11 /var/www/html/delivery-api/public/index.php(37): CodeIgniter\CodeIgniter->run()
#12 /var/www/html/delivery-api/system/Commands/Server/rewrite.php(43): require_once('/var/www/html/d...')
#13 {main}
