CRITICAL - 2022-01-28 05:28:44 --> some error in password is not a valid rule.
#0 /var/www/html/delivery-api/system/Validation/Validation.php(300): CodeIgniter\Validation\Exceptions\ValidationException::forRuleNotFound()
#1 /var/www/html/delivery-api/system/Validation/Validation.php(157): CodeIgniter\Validation\Validation->processRules()
#2 /var/www/html/delivery-api/app/Controllers/Auth.php(140): CodeIgniter\Validation\Validation->run()
#3 /var/www/html/delivery-api/app/Controllers/Auth.php(55): App\Controllers\Auth->dataValidation()
#4 /var/www/html/delivery-api/system/CodeIgniter.php(825): App\Controllers\Auth->signin()
#5 /var/www/html/delivery-api/system/CodeIgniter.php(412): CodeIgniter\CodeIgniter->runController()
#6 /var/www/html/delivery-api/system/CodeIgniter.php(320): CodeIgniter\CodeIgniter->handleRequest()
#7 /var/www/html/delivery-api/public/index.php(37): CodeIgniter\CodeIgniter->run()
#8 /var/www/html/delivery-api/system/Commands/Server/rewrite.php(43): require_once('/var/www/html/d...')
#9 {main}
CRITICAL - 2022-01-28 05:36:15 --> require is not a valid rule.
#0 /var/www/html/delivery-api/system/Validation/Validation.php(300): CodeIgniter\Validation\Exceptions\ValidationException::forRuleNotFound()
#1 /var/www/html/delivery-api/system/Validation/Validation.php(157): CodeIgniter\Validation\Validation->processRules()
#2 /var/www/html/delivery-api/app/Controllers/Auth.php(140): CodeIgniter\Validation\Validation->run()
#3 /var/www/html/delivery-api/app/Controllers/Auth.php(55): App\Controllers\Auth->dataValidation()
#4 /var/www/html/delivery-api/system/CodeIgniter.php(825): App\Controllers\Auth->signin()
#5 /var/www/html/delivery-api/system/CodeIgniter.php(412): CodeIgniter\CodeIgniter->runController()
#6 /var/www/html/delivery-api/system/CodeIgniter.php(320): CodeIgniter\CodeIgniter->handleRequest()
#7 /var/www/html/delivery-api/public/index.php(37): CodeIgniter\CodeIgniter->run()
#8 /var/www/html/delivery-api/system/Commands/Server/rewrite.php(43): require_once('/var/www/html/d...')
#9 {main}
CRITICAL - 2022-01-28 05:36:33 --> require is not a valid rule.
#0 /var/www/html/delivery-api/system/Validation/Validation.php(300): CodeIgniter\Validation\Exceptions\ValidationException::forRuleNotFound()
#1 /var/www/html/delivery-api/system/Validation/Validation.php(157): CodeIgniter\Validation\Validation->processRules()
#2 /var/www/html/delivery-api/app/Controllers/Auth.php(140): CodeIgniter\Validation\Validation->run()
#3 /var/www/html/delivery-api/app/Controllers/Auth.php(55): App\Controllers\Auth->dataValidation()
#4 /var/www/html/delivery-api/system/CodeIgniter.php(825): App\Controllers\Auth->signin()
#5 /var/www/html/delivery-api/system/CodeIgniter.php(412): CodeIgniter\CodeIgniter->runController()
#6 /var/www/html/delivery-api/system/CodeIgniter.php(320): CodeIgniter\CodeIgniter->handleRequest()
#7 /var/www/html/delivery-api/public/index.php(37): CodeIgniter\CodeIgniter->run()
#8 /var/www/html/delivery-api/system/Commands/Server/rewrite.php(43): require_once('/var/www/html/d...')
#9 {main}
CRITICAL - 2022-01-28 05:36:45 --> Call to undefined method App\Controllers\Auth::getErrors()
#0 /var/www/html/delivery-api/app/Controllers/Auth.php(55): App\Controllers\Auth->dataValidation()
#1 /var/www/html/delivery-api/system/CodeIgniter.php(825): App\Controllers\Auth->signin()
#2 /var/www/html/delivery-api/system/CodeIgniter.php(412): CodeIgniter\CodeIgniter->runController()
#3 /var/www/html/delivery-api/system/CodeIgniter.php(320): CodeIgniter\CodeIgniter->handleRequest()
#4 /var/www/html/delivery-api/public/index.php(37): CodeIgniter\CodeIgniter->run()
#5 /var/www/html/delivery-api/system/Commands/Server/rewrite.php(43): require_once('/var/www/html/d...')
#6 {main}
CRITICAL - 2022-01-28 06:18:44 --> Argument 1 passed to App\Models\BaseModel::show() must be an instance of App\Models\mixed or null, array given, called in /var/www/html/delivery-api/app/Controllers/Auth.php on line 59
#0 /var/www/html/delivery-api/app/Controllers/Auth.php(59): App\Models\BaseModel->show()
#1 /var/www/html/delivery-api/system/CodeIgniter.php(825): App\Controllers\Auth->signin()
#2 /var/www/html/delivery-api/system/CodeIgniter.php(412): CodeIgniter\CodeIgniter->runController()
#3 /var/www/html/delivery-api/system/CodeIgniter.php(320): CodeIgniter\CodeIgniter->handleRequest()
#4 /var/www/html/delivery-api/public/index.php(37): CodeIgniter\CodeIgniter->run()
#5 /var/www/html/delivery-api/system/Commands/Server/rewrite.php(43): require_once('/var/www/html/d...')
#6 {main}
